<?xml version="1.0" encoding="UTF-8"?>
<testng-results ignored="0" total="1" passed="1" failed="0" skipped="0">
  <reporter-output>
  </reporter-output>
  <suite started-at="2022-08-03T10:51:46 PDT" name="Default suite" finished-at="2022-08-03T10:51:53 PDT" duration-ms="7449">
    <groups>
    </groups>
    <test started-at="2022-08-03T10:51:46 PDT" name="Default test" finished-at="2022-08-03T10:51:53 PDT" duration-ms="7449">
      <class name="com.launchbrowser.amazon">
        <test-method is-config="true" signature="beforeSuite()[pri:0, instance:com.launchbrowser.amazon@47eaca72]" started-at="2022-08-03T10:51:46 PDT" name="beforeSuite" finished-at="2022-08-03T10:51:46 PDT" duration-ms="23" status="PASS">
          <reporter-output>
          </reporter-output>
        </test-method> <!-- beforeSuite -->
        <test-method is-config="true" signature="beforeTest()[pri:0, instance:com.launchbrowser.amazon@47eaca72]" started-at="2022-08-03T10:51:46 PDT" name="beforeTest" finished-at="2022-08-03T10:51:53 PDT" duration-ms="7079" status="PASS">
          <reporter-output>
          </reporter-output>
        </test-method> <!-- beforeTest -->
        <test-method is-config="true" signature="beforeClass()[pri:0, instance:com.launchbrowser.amazon@47eaca72]" started-at="2022-08-03T10:51:53 PDT" name="beforeClass" finished-at="2022-08-03T10:51:53 PDT" duration-ms="2" status="PASS">
          <reporter-output>
          </reporter-output>
        </test-method> <!-- beforeClass -->
        <test-method is-config="true" signature="beforeMethod()[pri:0, instance:com.launchbrowser.amazon@47eaca72]" started-at="2022-08-03T10:51:53 PDT" name="beforeMethod" finished-at="2022-08-03T10:51:53 PDT" duration-ms="2" status="PASS">
          <reporter-output>
          </reporter-output>
        </test-method> <!-- beforeMethod -->
        <test-method signature="AmazonOnlineLoadedSuccessfully()[pri:0, instance:com.launchbrowser.amazon@47eaca72]" started-at="2022-08-03T10:51:53 PDT" name="AmazonOnlineLoadedSuccessfully" finished-at="2022-08-03T10:51:53 PDT" duration-ms="163" status="PASS">
          <reporter-output>
          </reporter-output>
        </test-method> <!-- AmazonOnlineLoadedSuccessfully -->
        <test-method is-config="true" signature="afterMethod()[pri:0, instance:com.launchbrowser.amazon@47eaca72]" started-at="2022-08-03T10:51:53 PDT" name="afterMethod" finished-at="2022-08-03T10:51:53 PDT" duration-ms="5" status="PASS">
          <reporter-output>
          </reporter-output>
        </test-method> <!-- afterMethod -->
        <test-method is-config="true" signature="afterClass()[pri:0, instance:com.launchbrowser.amazon@47eaca72]" started-at="2022-08-03T10:51:53 PDT" name="afterClass" finished-at="2022-08-03T10:51:53 PDT" duration-ms="1" status="PASS">
          <reporter-output>
          </reporter-output>
        </test-method> <!-- afterClass -->
        <test-method is-config="true" signature="afterTest()[pri:0, instance:com.launchbrowser.amazon@47eaca72]" started-at="2022-08-03T10:51:53 PDT" name="afterTest" finished-at="2022-08-03T10:51:53 PDT" duration-ms="1" status="PASS">
          <reporter-output>
          </reporter-output>
        </test-method> <!-- afterTest -->
      </class> <!-- com.launchbrowser.amazon -->
    </test> <!-- Default test -->
  </suite> <!-- Default suite -->
</testng-results>
